2025-08-23 18:37:52.587 [main] INFO  com.exemplo.gateway.GatewayApplication - Starting GatewayApplication using Java 17.0.16 with PID 22988 (C:\Area_de_Tecnologia\wksp-eclipse\api-gateway\target\classes started by santo in C:\Area_de_Tecnologia\wksp-eclipse\api-gateway)
2025-08-23 18:37:52.595 [main] INFO  com.exemplo.gateway.GatewayApplication - No active profile set, falling back to 1 default profile: "default"
2025-08-23 18:37:55.452 [main] INFO  o.springframework.cloud.context.scope.GenericScope - BeanFactory id=0339f299-4f9c-300e-b572-297b5596087e
2025-08-23 18:37:58.196 [main] INFO  o.s.c.gateway.route.RouteDefinitionRouteLocator - Loaded RoutePredicateFactory [After]
2025-08-23 18:37:58.197 [main] INFO  o.s.c.gateway.route.RouteDefinitionRouteLocator - Loaded RoutePredicateFactory [Before]
2025-08-23 18:37:58.198 [main] INFO  o.s.c.gateway.route.RouteDefinitionRouteLocator - Loaded RoutePredicateFactory [Between]
2025-08-23 18:37:58.198 [main] INFO  o.s.c.gateway.route.RouteDefinitionRouteLocator - Loaded RoutePredicateFactory [Cookie]
2025-08-23 18:37:58.199 [main] INFO  o.s.c.gateway.route.RouteDefinitionRouteLocator - Loaded RoutePredicateFactory [Header]
2025-08-23 18:37:58.199 [main] INFO  o.s.c.gateway.route.RouteDefinitionRouteLocator - Loaded RoutePredicateFactory [Host]
2025-08-23 18:37:58.199 [main] INFO  o.s.c.gateway.route.RouteDefinitionRouteLocator - Loaded RoutePredicateFactory [Method]
2025-08-23 18:37:58.199 [main] INFO  o.s.c.gateway.route.RouteDefinitionRouteLocator - Loaded RoutePredicateFactory [Path]
2025-08-23 18:37:58.200 [main] INFO  o.s.c.gateway.route.RouteDefinitionRouteLocator - Loaded RoutePredicateFactory [Query]
2025-08-23 18:37:58.201 [main] INFO  o.s.c.gateway.route.RouteDefinitionRouteLocator - Loaded RoutePredicateFactory [ReadBody]
2025-08-23 18:37:58.204 [main] INFO  o.s.c.gateway.route.RouteDefinitionRouteLocator - Loaded RoutePredicateFactory [RemoteAddr]
2025-08-23 18:37:58.205 [main] INFO  o.s.c.gateway.route.RouteDefinitionRouteLocator - Loaded RoutePredicateFactory [XForwardedRemoteAddr]
2025-08-23 18:37:58.205 [main] INFO  o.s.c.gateway.route.RouteDefinitionRouteLocator - Loaded RoutePredicateFactory [Weight]
2025-08-23 18:37:58.205 [main] INFO  o.s.c.gateway.route.RouteDefinitionRouteLocator - Loaded RoutePredicateFactory [CloudFoundryRouteService]
2025-08-23 18:38:00.131 [main] INFO  o.s.boot.web.embedded.netty.NettyWebServer - Netty started on port 8080 (http)
2025-08-23 18:38:00.642 [main] INFO  com.exemplo.gateway.GatewayApplication - Started GatewayApplication in 9.896 seconds (process running for 12.46)
2025-08-23 18:38:00.656 [main] INFO  com.exemplo.gateway.GatewayApplication - [GATEWAY] ✅ API Gateway iniciado com sucesso!
2025-08-23 18:38:00.664 [main] INFO  com.exemplo.gateway.GatewayApplication - [GATEWAY] 🚀 Servidor rodando na porta 8080
2025-08-23 18:38:00.667 [main] INFO  com.exemplo.gateway.GatewayApplication - [GATEWAY] 🔗 Rotas configuradas:
2025-08-23 18:38:00.668 [main] INFO  com.exemplo.gateway.GatewayApplication - [GATEWAY]   • /auth/** → Auth Service (8081) [PÚBLICO]
2025-08-23 18:38:00.669 [main] INFO  com.exemplo.gateway.GatewayApplication - [GATEWAY]   • /api/** → Sistema Ponto (8082) [PROTEGIDO]
2025-08-23 18:38:00.670 [main] INFO  com.exemplo.gateway.GatewayApplication - [GATEWAY] 🔐 Filtro JWT ativo para rotas protegidas
